[2026-01-29T17:20:01.605+0000] {logging_mixin.py:188} INFO - Changing /opt/***/logs/dag_id=landing_to_trusted_events/run_id=manual__2026-01-29T17:20:00.666348+00:00/task_id=discover_ingestions permission to 509
[2026-01-29T17:20:01.605+0000] {logging_mixin.py:188} INFO - Failed to change /opt/***/logs/dag_id=landing_to_trusted_events/run_id=manual__2026-01-29T17:20:00.666348+00:00/task_id=discover_ingestions permission to 509: [Errno 1] Operation not permitted: '/opt/***/logs/dag_id=landing_to_trusted_events/run_id=manual__2026-01-29T17:20:00.666348+00:00/task_id=discover_ingestions'
[2026-01-29T17:20:01.628+0000] {logging_mixin.py:188} INFO - Changing /opt/***/logs/dag_id=landing_to_trusted_events/run_id=manual__2026-01-29T17:20:00.666348+00:00/task_id=discover_ingestions permission to 509
[2026-01-29T17:20:01.628+0000] {logging_mixin.py:188} INFO - Failed to change /opt/***/logs/dag_id=landing_to_trusted_events/run_id=manual__2026-01-29T17:20:00.666348+00:00/task_id=discover_ingestions permission to 509: [Errno 1] Operation not permitted: '/opt/***/logs/dag_id=landing_to_trusted_events/run_id=manual__2026-01-29T17:20:00.666348+00:00/task_id=discover_ingestions'
[2026-01-29T17:20:01.662+0000] {taskinstance.py:1956} INFO - Dependencies all met for dep_context=non-requeueable deps ti=<TaskInstance: landing_to_trusted_events.discover_ingestions manual__2026-01-29T17:20:00.666348+00:00 [queued]>
[2026-01-29T17:20:01.670+0000] {taskinstance.py:1956} INFO - Dependencies all met for dep_context=requeueable deps ti=<TaskInstance: landing_to_trusted_events.discover_ingestions manual__2026-01-29T17:20:00.666348+00:00 [queued]>
[2026-01-29T17:20:01.671+0000] {taskinstance.py:2170} INFO - Starting attempt 1 of 1
[2026-01-29T17:20:01.683+0000] {taskinstance.py:2191} INFO - Executing <Task(_PythonDecoratedOperator): discover_ingestions> on 2026-01-29 17:20:00.666348+00:00
[2026-01-29T17:20:01.688+0000] {standard_task_runner.py:60} INFO - Started process 826 to run task
[2026-01-29T17:20:01.691+0000] {standard_task_runner.py:87} INFO - Running: ['***', 'tasks', 'run', 'landing_to_trusted_events', 'discover_ingestions', 'manual__2026-01-29T17:20:00.666348+00:00', '--job-id', '16', '--raw', '--subdir', 'DAGS_FOLDER/trusted_events_to_minio.py', '--cfg-path', '/tmp/tmpg25vlh8j']
[2026-01-29T17:20:01.694+0000] {standard_task_runner.py:88} INFO - Job 16: Subtask discover_ingestions
[2026-01-29T17:20:01.750+0000] {logging_mixin.py:188} INFO - Changing /opt/***/logs/dag_id=landing_to_trusted_events/run_id=manual__2026-01-29T17:20:00.666348+00:00/task_id=discover_ingestions permission to 509
[2026-01-29T17:20:01.751+0000] {logging_mixin.py:188} INFO - Failed to change /opt/***/logs/dag_id=landing_to_trusted_events/run_id=manual__2026-01-29T17:20:00.666348+00:00/task_id=discover_ingestions permission to 509: [Errno 1] Operation not permitted: '/opt/***/logs/dag_id=landing_to_trusted_events/run_id=manual__2026-01-29T17:20:00.666348+00:00/task_id=discover_ingestions'
[2026-01-29T17:20:01.754+0000] {task_command.py:423} INFO - Running <TaskInstance: landing_to_trusted_events.discover_ingestions manual__2026-01-29T17:20:00.666348+00:00 [running]> on host 64beabb82122
[2026-01-29T17:20:01.829+0000] {taskinstance.py:2480} INFO - Exporting env vars: AIRFLOW_CTX_DAG_OWNER='***' AIRFLOW_CTX_DAG_ID='landing_to_trusted_events' AIRFLOW_CTX_TASK_ID='discover_ingestions' AIRFLOW_CTX_EXECUTION_DATE='2026-01-29T17:20:00.666348+00:00' AIRFLOW_CTX_TRY_NUMBER='1' AIRFLOW_CTX_DAG_RUN_ID='manual__2026-01-29T17:20:00.666348+00:00'
[2026-01-29T17:20:01.922+0000] {taskinstance.py:2698} ERROR - Task failed with exception
Traceback (most recent call last):
  File "/home/airflow/.local/lib/python3.10/site-packages/airflow/models/taskinstance.py", line 433, in _execute_task
    result = execute_callable(context=context, **execute_callable_kwargs)
  File "/home/airflow/.local/lib/python3.10/site-packages/airflow/decorators/base.py", line 241, in execute
    return_value = super().execute(context)
  File "/home/airflow/.local/lib/python3.10/site-packages/airflow/operators/python.py", line 199, in execute
    return_value = self.execute_callable()
  File "/home/airflow/.local/lib/python3.10/site-packages/airflow/operators/python.py", line 216, in execute_callable
    return self.python_callable(*self.op_args, **self.op_kwargs)
  File "/opt/airflow/dags/trusted_events_to_minio.py", line 44, in discover_ingestions
    for page in paginator.paginate(
  File "/home/airflow/.local/lib/python3.10/site-packages/botocore/paginate.py", line 269, in __iter__
    response = self._make_request(current_kwargs)
  File "/home/airflow/.local/lib/python3.10/site-packages/botocore/paginate.py", line 357, in _make_request
    return self._method(**current_kwargs)
  File "/home/airflow/.local/lib/python3.10/site-packages/botocore/client.py", line 553, in _api_call
    return self._make_api_call(operation_name, kwargs)
  File "/home/airflow/.local/lib/python3.10/site-packages/botocore/client.py", line 962, in _make_api_call
    request_dict = self._convert_to_request_dict(
  File "/home/airflow/.local/lib/python3.10/site-packages/botocore/client.py", line 1036, in _convert_to_request_dict
    request_dict = self._serializer.serialize_to_request(
  File "/home/airflow/.local/lib/python3.10/site-packages/botocore/validate.py", line 381, in serialize_to_request
    raise ParamValidationError(report=report.generate_report())
botocore.exceptions.ParamValidationError: Parameter validation failed:
Missing required parameter in input: "Bucket"
Unknown parameter in input: "Bubket", must be one of: Bucket, Delimiter, EncodingType, MaxKeys, Prefix, ContinuationToken, FetchOwner, StartAfter, RequestPayer, ExpectedBucketOwner, OptionalObjectAttributes
[2026-01-29T17:20:01.937+0000] {taskinstance.py:1138} INFO - Marking task as FAILED. dag_id=landing_to_trusted_events, task_id=discover_ingestions, execution_date=20260129T172000, start_date=20260129T172001, end_date=20260129T172001
[2026-01-29T17:20:01.947+0000] {standard_task_runner.py:107} ERROR - Failed to execute job 16 for task discover_ingestions (Parameter validation failed:
Missing required parameter in input: "Bucket"
Unknown parameter in input: "Bubket", must be one of: Bucket, Delimiter, EncodingType, MaxKeys, Prefix, ContinuationToken, FetchOwner, StartAfter, RequestPayer, ExpectedBucketOwner, OptionalObjectAttributes; 826)
[2026-01-29T17:20:01.991+0000] {local_task_job_runner.py:234} INFO - Task exited with return code 1
[2026-01-29T17:20:02.004+0000] {taskinstance.py:3280} INFO - 0 downstream tasks scheduled from follow-on schedule check
